#
# There is insufficient memory for the Java Runtime Environment to continue.
# Native memory allocation (mmap) failed to map 4194304 bytes for G1 virtual space
# Possible reasons:
#   The system is out of physical RAM or swap space
#   The process is running with CompressedOops enabled, and the Java Heap may be blocking the growth of the native heap
# Possible solutions:
#   Reduce memory load on the system
#   Increase physical memory or swap space
#   Check if swap backing store is full
#   Decrease Java heap size (-Xmx/-Xms)
#   Decrease number of Java threads
#   Decrease Java thread stack sizes (-Xss)
#   Set larger code cache with -XX:ReservedCodeCacheSize=
#   JVM is running with Zero Based Compressed Oops mode in which the Java heap is
#     placed in the first 32GB address space. The Java Heap base address is the
#     maximum limit for the native heap growth. Please use -XX:HeapBaseMinAddress
#     to set the Java Heap base and to place the Java Heap above 32GB virtual address.
# This output file may be truncated or incomplete.
#
#  Out of Memory Error (os_windows.cpp:3825), pid=16812, tid=13876
#
# JRE version:  (17.0.10+1) (build )
# Java VM: OpenJDK 64-Bit Server VM (17.0.10+1-b1207.14, mixed mode, sharing, tiered, compressed oops, compressed class ptrs, g1 gc, windows-amd64)
# No core dump will be written. Minidumps are not enabled by default on client versions of Windows
#

---------------  S U M M A R Y ------------

Command Line: git4idea.http.GitAskPassApp Username for 'https://github.com': 

Host: Intel(R) Core(TM) i5-9400F CPU @ 2.90GHz, 6 cores, 15G,  Windows 11 , 64 bit Build 22621 (10.0.22621.3374)
Time: Sat Jun  8 23:27:54 2024 Russia TZ 2 Standard Time elapsed time: 0.017898 seconds (0d 0h 0m 0s)

---------------  T H R E A D  ---------------

Current thread (0x000001e35a2edb20):  JavaThread "Unknown thread" [_thread_in_vm, id=13876, stack(0x000000b5f2300000,0x000000b5f2400000)]

Stack: [0x000000b5f2300000,0x000000b5f2400000]
Native frames: (J=compiled Java code, j=interpreted, Vv=VM code, C=native code)
V  [jvm.dll+0x687989]
V  [jvm.dll+0x84116a]
V  [jvm.dll+0x842dae]
V  [jvm.dll+0x843413]
V  [jvm.dll+0x249ccf]
V  [jvm.dll+0x684759]
V  [jvm.dll+0x67900a]
V  [jvm.dll+0x30ab0b]
V  [jvm.dll+0x311fb6]
V  [jvm.dll+0x361d73]
V  [jvm.dll+0x361f8f]
V  [jvm.dll+0x2e07f8]
V  [jvm.dll+0x2e1764]
V  [jvm.dll+0x811c31]
V  [jvm.dll+0x36fc11]
V  [jvm.dll+0x7f0666]
V  [jvm.dll+0x3f3daf]
V  [jvm.dll+0x3f5a41]
C  [jli.dll+0x528f]
C  [ucrtbase.dll+0x29333]
C  [KERNEL32.DLL+0x1257d]
C  [ntdll.dll+0x5aa48]


---------------  P R O C E S S  ---------------

Threads class SMR info:
_java_thread_list=0x00007ffb304ddf58, length=0, elements={
}

Java Threads: ( => current thread )

Other Threads:
  0x000001e35a359340 GCTaskThread "GC Thread#0" [stack: 0x000000b5f2400000,0x000000b5f2500000] [id=12976]
  0x000001e35a36a190 ConcurrentGCThread "G1 Main Marker" [stack: 0x000000b5f2500000,0x000000b5f2600000] [id=13712]
  0x000001e35a36c360 ConcurrentGCThread "G1 Conc#0" [stack: 0x000000b5f2600000,0x000000b5f2700000] [id=6956]

[error occurred during error reporting (printing all threads), id 0xc0000005, EXCEPTION_ACCESS_VIOLATION (0xc0000005) at pc=0x00007ffb2fc913c7]

VM state: not at safepoint (not fully initialized)

VM Mutex/Monitor currently owned by a thread:  ([mutex/lock_event])
[0x000001e35a2e7e60] Heap_lock - owner thread: 0x000001e35a2edb20

Heap address: 0x0000000701000000, size: 4080 MB, Compressed Oops mode: Zero based, Oop shift amount: 3

CDS archive(s) mapped at: [0x0000000000000000-0x0000000000000000-0x0000000000000000), size 0, SharedBaseAddress: 0x0000000800000000, ArchiveRelocationMode: 1.
Narrow klass base: 0x0000000000000000, Narrow klass shift: 0, Narrow klass range: 0x0

GC Precious Log:
<Empty>

Heap:
 garbage-first heap   total 0K, used 0K [0x0000000701000000, 0x0000000800000000)
  region size 2048K, 0 young (0K), 0 survivors (0K)
 Metaspace       used 0K, committed 0K, reserved 0K
  class space    used 0K, committed 0K, reserved 0K

Heap Regions: E=young(eden), S=young(survivor), O=old, HS=humongous(starts), HC=humongous(continues), CS=collection set, F=free, OA=open archive, CA=closed archive, TAMS=top-at-mark-start (previous, next)

Card table byte_map: [0x000001e36d370000,0x000001e36db70000] _byte_map_base: 0x000001e369b68000

Marking Bits (Prev, Next): (CMBitMap*) 0x000001e35a359960, (CMBitMap*) 0x000001e35a3599a0
 Prev Bits: [0x000001e36e370000, 0x000001e372330000)
 Next Bits: [0x000001e372330000, 0x000001e3762f0000)

GC Heap History (0 events):
No events

Dll operation events (1 events):
Event: 0.008 Loaded shared library C:\Program Files\JetBrains\WebStorm 2024.1.1\jbr\bin\java.dll

Deoptimization events (0 events):
No events

Classes unloaded (0 events):
No events

Classes redefined (0 events):
No events

Internal exceptions (0 events):
No events

VM Operations (0 events):
No events

Events (0 events):
No events


Dynamic libraries:
0x00007ff69da40000 - 0x00007ff69da4a000 	C:\Program Files\JetBrains\WebStorm 2024.1.1\jbr\bin\java.exe
0x00007ffb96a30000 - 0x00007ffb96c46000 	C:\WINDOWS\SYSTEM32\ntdll.dll
0x00007ffb95660000 - 0x00007ffb95724000 	C:\WINDOWS\System32\KERNEL32.DLL
0x00007ffb94060000 - 0x00007ffb94407000 	C:\WINDOWS\System32\KERNELBASE.dll
0x00007ffb93f40000 - 0x00007ffb94051000 	C:\WINDOWS\System32\ucrtbase.dll
0x00007ffb8d830000 - 0x00007ffb8d847000 	C:\Program Files\JetBrains\WebStorm 2024.1.1\jbr\bin\jli.dll
0x00007ffb7b3c0000 - 0x00007ffb7b3db000 	C:\Program Files\JetBrains\WebStorm 2024.1.1\jbr\bin\VCRUNTIME140.dll
0x00007ffb96580000 - 0x00007ffb9672e000 	C:\WINDOWS\System32\USER32.dll
0x00007ffb93f10000 - 0x00007ffb93f36000 	C:\WINDOWS\System32\win32u.dll
0x00007ffb79630000 - 0x00007ffb798c3000 	C:\WINDOWS\WinSxS\amd64_microsoft.windows.common-controls_6595b64144ccf1df_6.0.22621.3235_none_270f74e173860f98\COMCTL32.dll
0x00007ffb95780000 - 0x00007ffb957a9000 	C:\WINDOWS\System32\GDI32.dll
0x00007ffb964d0000 - 0x00007ffb96577000 	C:\WINDOWS\System32\msvcrt.dll
0x00007ffb93df0000 - 0x00007ffb93f09000 	C:\WINDOWS\System32\gdi32full.dll
0x00007ffb946c0000 - 0x00007ffb9475a000 	C:\WINDOWS\System32\msvcp_win.dll
0x00007ffb95ed0000 - 0x00007ffb95f01000 	C:\WINDOWS\System32\IMM32.DLL
0x00007ffb7f640000 - 0x00007ffb7f64c000 	C:\Program Files\JetBrains\WebStorm 2024.1.1\jbr\bin\vcruntime140_1.dll
0x00007ffb68530000 - 0x00007ffb685bd000 	C:\Program Files\JetBrains\WebStorm 2024.1.1\jbr\bin\msvcp140.dll
0x00007ffb2f9a0000 - 0x00007ffb30622000 	C:\Program Files\JetBrains\WebStorm 2024.1.1\jbr\bin\server\jvm.dll
0x00007ffb96300000 - 0x00007ffb963b2000 	C:\WINDOWS\System32\ADVAPI32.dll
0x00007ffb95060000 - 0x00007ffb95108000 	C:\WINDOWS\System32\sechost.dll
0x00007ffb93dc0000 - 0x00007ffb93de8000 	C:\WINDOWS\System32\bcrypt.dll
0x00007ffb95f90000 - 0x00007ffb960a5000 	C:\WINDOWS\System32\RPCRT4.dll
0x00007ffb92e10000 - 0x00007ffb92e5d000 	C:\WINDOWS\SYSTEM32\POWRPROF.dll
0x00007ffb8c270000 - 0x00007ffb8c2a4000 	C:\WINDOWS\SYSTEM32\WINMM.dll
0x00007ffb91a10000 - 0x00007ffb91a1a000 	C:\WINDOWS\SYSTEM32\VERSION.dll
0x00007ffb91b10000 - 0x00007ffb91b19000 	C:\WINDOWS\SYSTEM32\WSOCK32.dll
0x00007ffb95f10000 - 0x00007ffb95f81000 	C:\WINDOWS\System32\WS2_32.dll
0x00007ffb92dd0000 - 0x00007ffb92de3000 	C:\WINDOWS\SYSTEM32\UMPDC.dll
0x00007ffb92df0000 - 0x00007ffb92e08000 	C:\WINDOWS\SYSTEM32\kernel.appcore.dll
0x00007ffb91af0000 - 0x00007ffb91afa000 	C:\Program Files\JetBrains\WebStorm 2024.1.1\jbr\bin\jimage.dll
0x00007ffb7b690000 - 0x00007ffb7b8c3000 	C:\WINDOWS\SYSTEM32\DBGHELP.DLL
0x00007ffb95110000 - 0x00007ffb95498000 	C:\WINDOWS\System32\combase.dll
0x00007ffb95520000 - 0x00007ffb955f7000 	C:\WINDOWS\System32\OLEAUT32.dll
0x00007ffb71820000 - 0x00007ffb71852000 	C:\WINDOWS\SYSTEM32\dbgcore.DLL
0x00007ffb94410000 - 0x00007ffb94489000 	C:\WINDOWS\System32\bcryptPrimitives.dll
0x00007ffb8d850000 - 0x00007ffb8d875000 	C:\Program Files\JetBrains\WebStorm 2024.1.1\jbr\bin\java.dll

dbghelp: loaded successfully - version: 4.0.5 - missing functions: none
symbol engine: initialized successfully - sym options: 0x614 - pdb path: .;C:\Program Files\JetBrains\WebStorm 2024.1.1\jbr\bin;C:\WINDOWS\SYSTEM32;C:\WINDOWS\WinSxS\amd64_microsoft.windows.common-controls_6595b64144ccf1df_6.0.22621.3235_none_270f74e173860f98;C:\Program Files\JetBrains\WebStorm 2024.1.1\jbr\bin\server

VM Arguments:
java_command: git4idea.http.GitAskPassApp Username for 'https://github.com': 
java_class_path (initial): C:/Program Files/JetBrains/WebStorm 2024.1.1/plugins/vcs-git/lib/git4idea-rt.jar;C:/Program Files/JetBrains/WebStorm 2024.1.1/lib/externalProcess-rt.jar
Launcher Type: SUN_STANDARD

[Global flags]
     intx CICompilerCount                          = 3                                         {product} {ergonomic}
     uint ConcGCThreads                            = 2                                         {product} {ergonomic}
     uint G1ConcRefinementThreads                  = 6                                         {product} {ergonomic}
   size_t G1HeapRegionSize                         = 2097152                                   {product} {ergonomic}
    uintx GCDrainStackTargetSize                   = 64                                        {product} {ergonomic}
   size_t InitialHeapSize                          = 268435456                                 {product} {ergonomic}
   size_t MarkStackSize                            = 4194304                                   {product} {ergonomic}
   size_t MaxHeapSize                              = 4278190080                                {product} {ergonomic}
   size_t MinHeapDeltaBytes                        = 2097152                                   {product} {ergonomic}
   size_t MinHeapSize                              = 8388608                                   {product} {ergonomic}
    uintx NonNMethodCodeHeapSize                   = 5832780                                {pd product} {ergonomic}
    uintx NonProfiledCodeHeapSize                  = 122912730                              {pd product} {ergonomic}
    uintx ProfiledCodeHeapSize                     = 122912730                              {pd product} {ergonomic}
    uintx ReservedCodeCacheSize                    = 251658240                              {pd product} {ergonomic}
     bool SegmentedCodeCache                       = true                                      {product} {ergonomic}
   size_t SoftMaxHeapSize                          = 4278190080                             {manageable} {ergonomic}
     bool UseCompressedClassPointers               = true                           {product lp64_product} {ergonomic}
     bool UseCompressedOops                        = true                           {product lp64_product} {ergonomic}
     bool UseG1GC                                  = true                                      {product} {ergonomic}
     bool UseLargePagesIndividualAllocation        = false                                  {pd product} {ergonomic}

Logging:
Log output configuration:
 #0: stdout all=warning uptime,level,tags
 #1: stderr all=off uptime,level,tags

Environment Variables:
PATH=C:/Program Files/Git/mingw64/libexec/git-core;C:/Program Files/Git/mingw64/libexec/git-core;C:\Program Files\Git\mingw64\bin;C:\Program Files\Git\usr\bin;C:\Users\krain\bin;C:\WINDOWS\system32;C:\WINDOWS;C:\WINDOWS\System32\Wbem;C:\WINDOWS\System32\WindowsPowerShell\v1.0\;C:\WINDOWS\System32\OpenSSH\;C:\Program Files\Git\cmd;C:\Program Files\nodejs\;C:\Program Files\Docker\Docker\resources\bin;C:\Users\krain\AppData\Local\Programs\Python\Python312\Scripts\;C:\Users\krain\AppData\Local\Programs\Python\Python312\;C:\Users\krain\AppData\Local\Programs\Python\Launcher\;C:\Users\krain\AppData\Local\Microsoft\WindowsApps;C:\Users\krain\AppData\Roaming\npm;C:\Users\krain\Downloads\php-8.3.7-nts-Win32-vs16-x64;C:\Users\krain\AppData\Local\ComposerSetup\bin;C:\Users\krain\AppData\Roaming\Composer\vendor\bin
USERNAME=krain
DISPLAY=:0.0
LC_ALL=en_US.UTF-8
TERM=xterm-256color
TMPDIR=C:\Users\krain\AppData\Local\Temp
OS=Windows_NT
PROCESSOR_IDENTIFIER=Intel64 Family 6 Model 158 Stepping 10, GenuineIntel
TMP=C:\Users\krain\AppData\Local\Temp
TEMP=C:\Users\krain\AppData\Local\Temp



Periodic native trim disabled

JNI global refs:
JNI global refs: 0, weak refs: 0

JNI global refs memory usage: 0, weak refs: 0

OOME stack traces (most recent first):
Classloader memory used:


---------------  S Y S T E M  ---------------

OS:
 Windows 11 , 64 bit Build 22621 (10.0.22621.3374)
OS uptime: 7 days 9:57 hours
Hyper-V role detected

CPU: total 6 (initial active 6) (6 cores per cpu, 1 threads per core) family 6 model 158 stepping 10 microcode 0xde, cx8, cmov, fxsr, mmx, 3dnowpref, sse, sse2, sse3, ssse3, sse4.1, sse4.2, popcnt, lzcnt, tsc, tscinvbit, avx, avx2, aes, erms, clmul, bmi1, bmi2, adx, fma, vzeroupper, clflush, clflushopt, hv
Processor Information for all 6 processors :
  Max Mhz: 2904, Current Mhz: 2904, Mhz Limit: 2904

Memory: 4k page, system-wide physical 16313M (2048M free)
TotalPageFile size 30444M (AvailPageFile size 7M)
current process WorkingSet (physical memory assigned to process): 11M, peak: 11M
current process commit charge ("private bytes"): 313M, peak: 316M

vm_info: OpenJDK 64-Bit Server VM (17.0.10+1-b1207.14) for windows-amd64 JRE (17.0.10+1-b1207.14), built on 2024-04-05 by "builduser" with MS VC++ 16.10 / 16.11 (VS2019)

END.
